[debug] [2023-09-08T14:25:51.948Z] ----------------------------------------------------------------------
[debug] [2023-09-08T14:25:51.953Z] Command:       C:\Program Files\nodejs\node.exe C:\Users\ghana\AppData\Roaming\npm\node_modules\firebase-tools\lib\bin\firebase.js deploy
[debug] [2023-09-08T14:25:51.954Z] CLI Version:   12.4.3
[debug] [2023-09-08T14:25:51.955Z] Platform:      win32
[debug] [2023-09-08T14:25:51.955Z] Node Version:  v18.16.0
[debug] [2023-09-08T14:25:51.957Z] Time:          Fri Sep 08 2023 19:55:51 GMT+0530 (India Standard Time)
[debug] [2023-09-08T14:25:51.957Z] ----------------------------------------------------------------------
[debug] 
[debug] [2023-09-08T14:25:51.965Z] >>> [apiv2][query] GET https://firebase-public.firebaseio.com/cli.json [none]
[debug] [2023-09-08T14:25:52.173Z] > command requires scopes: ["email","openid","https://www.googleapis.com/auth/cloudplatformprojects.readonly","https://www.googleapis.com/auth/firebase","https://www.googleapis.com/auth/cloud-platform"]
[debug] [2023-09-08T14:25:52.174Z] > authorizing via signed-in user (ghanavechandran@gmail.com)
[debug] [2023-09-08T14:25:52.174Z] [iam] checking project myfood-app-11272 for permissions ["firebase.projects.get","firebasehosting.sites.update"]
[debug] [2023-09-08T14:25:52.177Z] > refreshing access token with scopes: []
[debug] [2023-09-08T14:25:52.178Z] >>> [apiv2][query] POST https://www.googleapis.com/oauth2/v3/token [none]
[debug] [2023-09-08T14:25:52.179Z] >>> [apiv2][body] POST https://www.googleapis.com/oauth2/v3/token [omitted]
[debug] [2023-09-08T14:25:52.378Z] <<< [apiv2][status] POST https://www.googleapis.com/oauth2/v3/token 200
[debug] [2023-09-08T14:25:52.380Z] <<< [apiv2][body] POST https://www.googleapis.com/oauth2/v3/token [omitted]
[debug] [2023-09-08T14:25:52.407Z] >>> [apiv2][query] POST https://cloudresourcemanager.googleapis.com/v1/projects/myfood-app-11272:testIamPermissions [none]
[debug] [2023-09-08T14:25:52.408Z] >>> [apiv2][(partial)header] POST https://cloudresourcemanager.googleapis.com/v1/projects/myfood-app-11272:testIamPermissions x-goog-quota-user=projects/myfood-app-11272
[debug] [2023-09-08T14:25:52.409Z] >>> [apiv2][body] POST https://cloudresourcemanager.googleapis.com/v1/projects/myfood-app-11272:testIamPermissions {"permissions":["firebase.projects.get","firebasehosting.sites.update"]}
[debug] [2023-09-08T14:25:52.777Z] <<< [apiv2][status] GET https://firebase-public.firebaseio.com/cli.json 200
[debug] [2023-09-08T14:25:52.777Z] <<< [apiv2][body] GET https://firebase-public.firebaseio.com/cli.json {"cloudBuildErrorAfter":1594252800000,"cloudBuildWarnAfter":1590019200000,"defaultNode10After":1594252800000,"minVersion":"3.0.5","node8DeploysDisabledAfter":1613390400000,"node8RuntimeDisabledAfter":1615809600000,"node8WarnAfter":1600128000000}
[debug] [2023-09-08T14:25:53.906Z] <<< [apiv2][status] POST https://cloudresourcemanager.googleapis.com/v1/projects/myfood-app-11272:testIamPermissions 200
[debug] [2023-09-08T14:25:53.906Z] <<< [apiv2][body] POST https://cloudresourcemanager.googleapis.com/v1/projects/myfood-app-11272:testIamPermissions {}
[debug] [2023-09-08T14:25:53.908Z] [iam] error while checking permissions, command may fail: FirebaseError: Authorization failed. This account is missing the following required permissions on project myfood-app-11272:

  firebase.projects.get
  firebasehosting.sites.update
[debug] [2023-09-08T14:25:53.913Z] >>> [apiv2][query] GET https://firebase.googleapis.com/v1beta1/projects/myfood-app-11272 [none]
[debug] [2023-09-08T14:25:54.418Z] <<< [apiv2][status] GET https://firebase.googleapis.com/v1beta1/projects/myfood-app-11272 403
[debug] [2023-09-08T14:25:54.418Z] <<< [apiv2][body] GET https://firebase.googleapis.com/v1beta1/projects/myfood-app-11272 {"error":{"code":403,"message":"The caller does not have permission","status":"PERMISSION_DENIED"}}
[debug] [2023-09-08T14:25:54.422Z] HTTP Error: 403, The caller does not have permission
[debug] [2023-09-08T14:25:54.550Z] FirebaseError: HTTP Error: 403, The caller does not have permission
    at responseToError (C:\Users\ghana\AppData\Roaming\npm\node_modules\firebase-tools\lib\responseToError.js:49:12)
    at RetryOperation._fn (C:\Users\ghana\AppData\Roaming\npm\node_modules\firebase-tools\lib\apiv2.js:288:77)
    at process.processTicksAndRejections (node:internal/process/task_queues:95:5)
[error] 
[error] Error: Failed to get Firebase project myfood-app-11272. Please make sure the project exists and your account has permission to access it.
[debug] [2023-09-14T19:05:13.960Z] ----------------------------------------------------------------------
[debug] [2023-09-14T19:05:13.962Z] Command:       C:\Program Files\nodejs\node.exe C:\Users\ghana\AppData\Roaming\npm\node_modules\firebase-tools\lib\bin\firebase.js init
[debug] [2023-09-14T19:05:13.962Z] CLI Version:   12.4.3
[debug] [2023-09-14T19:05:13.963Z] Platform:      win32
[debug] [2023-09-14T19:05:13.963Z] Node Version:  v18.16.0
[debug] [2023-09-14T19:05:13.964Z] Time:          Fri Sep 15 2023 00:35:13 GMT+0530 (India Standard Time)
[debug] [2023-09-14T19:05:13.964Z] ----------------------------------------------------------------------
[debug] 
[debug] [2023-09-14T19:05:14.035Z] > command requires scopes: ["email","openid","https://www.googleapis.com/auth/cloudplatformprojects.readonly","https://www.googleapis.com/auth/firebase","https://www.googleapis.com/auth/cloud-platform"]
[debug] [2023-09-14T19:05:14.036Z] > authorizing via signed-in user (ghanavechandran@gmail.com)
[info] 
     ######## #### ########  ######## ########     ###     ######  ########
     ##        ##  ##     ## ##       ##     ##  ##   ##  ##       ##
     ######    ##  ########  ######   ########  #########  ######  ######
     ##        ##  ##    ##  ##       ##     ## ##     ##       ## ##
     ##       #### ##     ## ######## ########  ##     ##  ######  ########

You're about to initialize a Firebase project in this directory:

  C:\Users\ghana\Documents\GitHub\ERA-OSC-APP_1\ERA-OSC-App

Before we get started, keep in mind:

  * You are initializing within an existing Firebase project directory

[info] 
=== Project Setup
[info] 
[info] First, let's associate this project directory with a Firebase project.
[info] You can create multiple project aliases by running firebase use --add, 
[info] but for now we'll just set up a default project.
[info] 
[debug] [2023-09-14T19:05:20.643Z] Using project from CLI flag: myfood-app-11272
[debug] [2023-09-14T19:05:20.645Z] >>> [apiv2][query] GET https://firebase.googleapis.com/v1beta1/projects/myfood-app-11272 [none]
[debug] [2023-09-14T19:05:21.134Z] <<< [apiv2][status] GET https://firebase.googleapis.com/v1beta1/projects/myfood-app-11272 403
[debug] [2023-09-14T19:05:21.134Z] <<< [apiv2][body] GET https://firebase.googleapis.com/v1beta1/projects/myfood-app-11272 {"error":{"code":403,"message":"The caller does not have permission","status":"PERMISSION_DENIED"}}
[debug] [2023-09-14T19:05:21.134Z] HTTP Error: 403, The caller does not have permission
[debug] [2023-09-14T19:05:21.243Z] FirebaseError: HTTP Error: 403, The caller does not have permission
    at responseToError (C:\Users\ghana\AppData\Roaming\npm\node_modules\firebase-tools\lib\responseToError.js:49:12)
    at RetryOperation._fn (C:\Users\ghana\AppData\Roaming\npm\node_modules\firebase-tools\lib\apiv2.js:288:77)
    at process.processTicksAndRejections (node:internal/process/task_queues:95:5)
[error] 
[error] Error: Failed to get Firebase project myfood-app-11272. Please make sure the project exists and your account has permission to access it.
