[debug] [2023-09-14T19:04:12.774Z] ----------------------------------------------------------------------
[debug] [2023-09-14T19:04:12.775Z] Command:       C:\Program Files\nodejs\node.exe C:\Users\ghana\AppData\Roaming\npm\node_modules\firebase-tools\lib\bin\firebase.js init
[debug] [2023-09-14T19:04:12.776Z] CLI Version:   12.4.3
[debug] [2023-09-14T19:04:12.776Z] Platform:      win32
[debug] [2023-09-14T19:04:12.776Z] Node Version:  v18.16.0
[debug] [2023-09-14T19:04:12.777Z] Time:          Fri Sep 15 2023 00:34:12 GMT+0530 (India Standard Time)
[debug] [2023-09-14T19:04:12.777Z] ----------------------------------------------------------------------
[debug] 
[debug] [2023-09-14T19:04:12.848Z] > command requires scopes: ["email","openid","https://www.googleapis.com/auth/cloudplatformprojects.readonly","https://www.googleapis.com/auth/firebase","https://www.googleapis.com/auth/cloud-platform"]
[debug] [2023-09-14T19:04:12.849Z] > authorizing via signed-in user (ghanavechandran@gmail.com)
[info] 
     ######## #### ########  ######## ########     ###     ######  ########
     ##        ##  ##     ## ##       ##     ##  ##   ##  ##       ##
     ######    ##  ########  ######   ########  #########  ######  ######
     ##        ##  ##    ##  ##       ##     ## ##     ##       ## ##
     ##       #### ##     ## ######## ########  ##     ##  ######  ########

You're about to initialize a Firebase project in this directory:

  C:\Users\ghana\Documents\GitHub\ERA-OSC-APP_1\ERA-OSC-App

Before we get started, keep in mind:

  * You are initializing within an existing Firebase project directory

[info] 
=== Project Setup
[info] 
[info] First, let's associate this project directory with a Firebase project.
[info] You can create multiple project aliases by running firebase use --add, 
[info] but for now we'll just set up a default project.
[info] 
[debug] [2023-09-14T19:04:19.051Z] Using project from CLI flag: myfood-app-11272
[debug] [2023-09-14T19:04:19.053Z] > refreshing access token with scopes: []
[debug] [2023-09-14T19:04:19.057Z] >>> [apiv2][query] POST https://www.googleapis.com/oauth2/v3/token [none]
[debug] [2023-09-14T19:04:19.057Z] >>> [apiv2][body] POST https://www.googleapis.com/oauth2/v3/token [omitted]
[debug] [2023-09-14T19:04:19.267Z] <<< [apiv2][status] POST https://www.googleapis.com/oauth2/v3/token 200
[debug] [2023-09-14T19:04:19.267Z] <<< [apiv2][body] POST https://www.googleapis.com/oauth2/v3/token [omitted]
[debug] [2023-09-14T19:04:19.286Z] >>> [apiv2][query] GET https://firebase.googleapis.com/v1beta1/projects/myfood-app-11272 [none]
[debug] [2023-09-14T19:04:19.931Z] <<< [apiv2][status] GET https://firebase.googleapis.com/v1beta1/projects/myfood-app-11272 403
[debug] [2023-09-14T19:04:19.931Z] <<< [apiv2][body] GET https://firebase.googleapis.com/v1beta1/projects/myfood-app-11272 {"error":{"code":403,"message":"The caller does not have permission","status":"PERMISSION_DENIED"}}
[debug] [2023-09-14T19:04:19.932Z] HTTP Error: 403, The caller does not have permission
[debug] [2023-09-14T19:04:20.038Z] FirebaseError: HTTP Error: 403, The caller does not have permission
    at responseToError (C:\Users\ghana\AppData\Roaming\npm\node_modules\firebase-tools\lib\responseToError.js:49:12)
    at RetryOperation._fn (C:\Users\ghana\AppData\Roaming\npm\node_modules\firebase-tools\lib\apiv2.js:288:77)
    at process.processTicksAndRejections (node:internal/process/task_queues:95:5)
[error] 
[error] Error: Failed to get Firebase project myfood-app-11272. Please make sure the project exists and your account has permission to access it.
